[0m13:00:21.119154 [debug] [MainThread]: Sending event: {'category': 'dbt', 'action': 'invocation', 'label': 'start', 'context': [<snowplow_tracker.self_describing_json.SelfDescribingJson object at 0x000002318C6A85C0>, <snowplow_tracker.self_describing_json.SelfDescribingJson object at 0x000002318C6AA2D0>, <snowplow_tracker.self_describing_json.SelfDescribingJson object at 0x000002318C6ABE60>]}


============================== 13:00:21.119154 | 309a2111-9b0a-4ed0-a72f-ba3ec43a0215 ==============================
[0m13:00:21.119154 [info ] [MainThread]: Running with dbt=1.7.14
[0m13:00:21.119154 [debug] [MainThread]: running dbt with arguments {'printer_width': '80', 'indirect_selection': 'eager', 'log_cache_events': 'False', 'write_json': 'True', 'partial_parse': 'True', 'cache_selected_only': 'False', 'profiles_dir': 'C:\\Users\\njhus\\.dbt', 'version_check': 'True', 'fail_fast': 'False', 'log_path': 'logs', 'debug': 'False', 'warn_error': 'None', 'use_colors': 'True', 'use_experimental_parser': 'False', 'no_print': 'None', 'quiet': 'False', 'log_format': 'default', 'static_parser': 'True', 'invocation_command': 'dbt init hdbc', 'introspect': 'True', 'target_path': 'None', 'warn_error_options': 'WarnErrorOptions(include=[], exclude=[])', 'send_anonymous_usage_stats': 'True'}
[0m13:00:21.119154 [debug] [MainThread]: Starter project path: C:\Users\njhus\AppData\Local\Programs\Python\Python312\Lib\site-packages\dbt\include\starter_project
[0m13:00:21.161478 [info ] [MainThread]: 
Your new dbt project "hdbc" was created!

For more information on how to configure the profiles.yml file,
please consult the dbt documentation here:

  https://docs.getdbt.com/docs/configure-your-profile

One more thing:

Need help? Don't hesitate to reach out to us via GitHub issues or on Slack:

  https://community.getdbt.com/

Happy modeling!

[0m13:00:21.161478 [info ] [MainThread]: Setting up your profile.
[0m13:00:24.007577 [debug] [MainThread]: Command `dbt init` succeeded at 13:00:24.007577 after 3.03 seconds
[0m13:00:24.007577 [debug] [MainThread]: Sending event: {'category': 'dbt', 'action': 'invocation', 'label': 'end', 'context': [<snowplow_tracker.self_describing_json.SelfDescribingJson object at 0x000002318C4D1340>, <snowplow_tracker.self_describing_json.SelfDescribingJson object at 0x000002318B752CF0>, <snowplow_tracker.self_describing_json.SelfDescribingJson object at 0x000002318C4C3080>]}
[0m13:00:24.007577 [debug] [MainThread]: Flushing usage events
[0m09:41:49.321748 [debug] [MainThread]: Sending event: {'category': 'dbt', 'action': 'invocation', 'label': 'start', 'context': [<snowplow_tracker.self_describing_json.SelfDescribingJson object at 0x0000020AE9543080>, <snowplow_tracker.self_describing_json.SelfDescribingJson object at 0x0000020AE9540C80>, <snowplow_tracker.self_describing_json.SelfDescribingJson object at 0x0000020AE9542C90>]}


============================== 09:41:49.337361 | fab1ce48-e14a-4fe5-9a5f-6fde77f355cc ==============================
[0m09:41:49.337361 [info ] [MainThread]: Running with dbt=1.7.14
[0m09:41:49.337361 [debug] [MainThread]: running dbt with arguments {'printer_width': '80', 'indirect_selection': 'eager', 'write_json': 'True', 'log_cache_events': 'False', 'partial_parse': 'True', 'cache_selected_only': 'False', 'warn_error': 'None', 'debug': 'False', 'version_check': 'True', 'log_path': 'logs', 'profiles_dir': 'C:\\Users\\njhus\\.dbt', 'fail_fast': 'False', 'use_colors': 'True', 'use_experimental_parser': 'False', 'no_print': 'None', 'quiet': 'False', 'log_format': 'default', 'introspect': 'True', 'static_parser': 'True', 'invocation_command': 'dbt debug', 'target_path': 'None', 'warn_error_options': 'WarnErrorOptions(include=[], exclude=[])', 'send_anonymous_usage_stats': 'True'}
[0m09:41:49.337361 [info ] [MainThread]: dbt version: 1.7.14
[0m09:41:49.337361 [info ] [MainThread]: python version: 3.12.2
[0m09:41:49.337361 [info ] [MainThread]: python path: C:\Users\njhus\Desktop\HDBC\hdbc-venv\Scripts\python.exe
[0m09:41:49.337361 [info ] [MainThread]: os info: Windows-11-10.0.22631-SP0
[0m09:41:49.500501 [info ] [MainThread]: Using profiles dir at C:\Users\njhus\.dbt
[0m09:41:49.500501 [info ] [MainThread]: Using profiles.yml file at C:\Users\njhus\.dbt\profiles.yml
[0m09:41:49.500501 [info ] [MainThread]: Using dbt_project.yml file at C:\Users\njhus\Desktop\HDBC\dbt_project.yml
[0m09:41:49.500501 [info ] [MainThread]: adapter type: duckdb
[0m09:41:49.500501 [info ] [MainThread]: adapter version: 1.7.4
[0m09:41:49.500501 [info ] [MainThread]: Configuration:
[0m09:41:49.500501 [info ] [MainThread]:   profiles.yml file [[32mOK found and valid[0m]
[0m09:41:49.500501 [info ] [MainThread]:   dbt_project.yml file [[31mERROR not found[0m]
[0m09:41:49.500501 [info ] [MainThread]: Required dependencies:
[0m09:41:49.516988 [debug] [MainThread]: Executing "git --help"
[0m09:41:49.579426 [debug] [MainThread]: STDOUT: "b"usage: git [-v | --version] [-h | --help] [-C <path>] [-c <name>=<value>]\n           [--exec-path[=<path>]] [--html-path] [--man-path] [--info-path]\n           [-p | --paginate | -P | --no-pager] [--no-replace-objects] [--bare]\n           [--git-dir=<path>] [--work-tree=<path>] [--namespace=<name>]\n           [--config-env=<name>=<envvar>] <command> [<args>]\n\nThese are common Git commands used in various situations:\n\nstart a working area (see also: git help tutorial)\n   clone     Clone a repository into a new directory\n   init      Create an empty Git repository or reinitialize an existing one\n\nwork on the current change (see also: git help everyday)\n   add       Add file contents to the index\n   mv        Move or rename a file, a directory, or a symlink\n   restore   Restore working tree files\n   rm        Remove files from the working tree and from the index\n\nexamine the history and state (see also: git help revisions)\n   bisect    Use binary search to find the commit that introduced a bug\n   diff      Show changes between commits, commit and working tree, etc\n   grep      Print lines matching a pattern\n   log       Show commit logs\n   show      Show various types of objects\n   status    Show the working tree status\n\ngrow, mark and tweak your common history\n   branch    List, create, or delete branches\n   commit    Record changes to the repository\n   merge     Join two or more development histories together\n   rebase    Reapply commits on top of another base tip\n   reset     Reset current HEAD to the specified state\n   switch    Switch branches\n   tag       Create, list, delete or verify a tag object signed with GPG\n\ncollaborate (see also: git help workflows)\n   fetch     Download objects and refs from another repository\n   pull      Fetch from and integrate with another repository or a local branch\n   push      Update remote refs along with associated objects\n\n'git help -a' and 'git help -g' list available subcommands and some\nconcept guides. See 'git help <command>' or 'git help <concept>'\nto read about a specific subcommand or concept.\nSee 'git help git' for an overview of the system.\n""
[0m09:41:49.593951 [debug] [MainThread]: STDERR: "b''"
[0m09:41:49.596104 [info ] [MainThread]:  - git [[32mOK found[0m]

[0m09:41:49.596104 [info ] [MainThread]: Connection:
[0m09:41:49.596104 [info ] [MainThread]:   database: hdbc
[0m09:41:49.596104 [info ] [MainThread]:   schema: main
[0m09:41:49.596104 [info ] [MainThread]:   path: C:/Users/njhus/Desktop/HDBC/hdbc.duckdb
[0m09:41:49.596104 [info ] [MainThread]:   config_options: None
[0m09:41:49.596104 [info ] [MainThread]:   extensions: None
[0m09:41:49.596104 [info ] [MainThread]:   settings: None
[0m09:41:49.604505 [info ] [MainThread]:   external_root: .
[0m09:41:49.604505 [info ] [MainThread]:   use_credential_provider: None
[0m09:41:49.604505 [info ] [MainThread]:   attach: None
[0m09:41:49.608982 [info ] [MainThread]:   filesystems: None
[0m09:41:49.608982 [info ] [MainThread]:   remote: None
[0m09:41:49.608982 [info ] [MainThread]:   plugins: None
[0m09:41:49.612014 [info ] [MainThread]:   disable_transactions: False
[0m09:41:49.612014 [info ] [MainThread]: Registered adapter: duckdb=1.7.4
[0m09:41:49.612014 [debug] [MainThread]: Acquiring new duckdb connection 'debug'
[0m09:41:49.612014 [debug] [MainThread]: Using duckdb connection "debug"
[0m09:41:49.612014 [debug] [MainThread]: On debug: select 1 as id
[0m09:41:49.612014 [debug] [MainThread]: Opening a new connection, currently in state init
[0m09:41:49.630892 [debug] [MainThread]: SQL status: OK in 0.0 seconds
[0m09:41:49.636931 [debug] [MainThread]: On debug: Close
[0m09:41:49.640298 [info ] [MainThread]:   Connection test: [[32mOK connection ok[0m]

[0m09:41:49.640298 [info ] [MainThread]: [31m1 check failed:[0m
[0m09:41:49.640298 [info ] [MainThread]: Project loading failed for the following reason:
 project path <C:\Users\njhus\Desktop\HDBC\dbt_project.yml> not found

[0m09:41:49.645306 [debug] [MainThread]: Command `dbt debug` failed at 09:41:49.645306 after 0.50 seconds
[0m09:41:49.645306 [debug] [MainThread]: Connection 'debug' was properly closed.
[0m09:41:49.645306 [debug] [MainThread]: Sending event: {'category': 'dbt', 'action': 'invocation', 'label': 'end', 'context': [<snowplow_tracker.self_describing_json.SelfDescribingJson object at 0x0000020AE8CA4D70>, <snowplow_tracker.self_describing_json.SelfDescribingJson object at 0x0000020AE9470560>, <snowplow_tracker.self_describing_json.SelfDescribingJson object at 0x0000020AE956BD70>]}
[0m09:41:49.645306 [debug] [MainThread]: Flushing usage events
[0m11:37:41.974633 [debug] [MainThread]: Sending event: {'category': 'dbt', 'action': 'invocation', 'label': 'start', 'context': [<snowplow_tracker.self_describing_json.SelfDescribingJson object at 0x0000026369793F20>, <snowplow_tracker.self_describing_json.SelfDescribingJson object at 0x0000026369793EF0>, <snowplow_tracker.self_describing_json.SelfDescribingJson object at 0x0000026369793500>]}


============================== 11:37:41.974633 | 2c188c88-2adf-475c-815f-3ee0d1da72ca ==============================
[0m11:37:41.974633 [info ] [MainThread]: Running with dbt=1.7.14
[0m11:37:41.974633 [debug] [MainThread]: running dbt with arguments {'printer_width': '80', 'indirect_selection': 'eager', 'log_cache_events': 'False', 'write_json': 'True', 'partial_parse': 'True', 'cache_selected_only': 'False', 'warn_error': 'None', 'debug': 'False', 'version_check': 'True', 'log_path': 'logs', 'fail_fast': 'False', 'profiles_dir': 'C:\\Users\\njhus\\.dbt', 'use_colors': 'True', 'use_experimental_parser': 'False', 'no_print': 'None', 'quiet': 'False', 'log_format': 'default', 'introspect': 'True', 'invocation_command': 'dbt run', 'static_parser': 'True', 'target_path': 'None', 'warn_error_options': 'WarnErrorOptions(include=[], exclude=[])', 'send_anonymous_usage_stats': 'True'}
[0m11:37:41.974633 [error] [MainThread]: Encountered an error:
Runtime Error
  No dbt_project.yml found at expected path C:\Users\njhus\Desktop\HDBC\dbt_project.yml
  Verify that each entry within packages.yml (and their transitive dependencies) contains a file named dbt_project.yml
  
[0m11:37:41.974633 [debug] [MainThread]: Command `dbt run` failed at 11:37:41.974633 after 0.13 seconds
[0m11:37:41.974633 [debug] [MainThread]: Sending event: {'category': 'dbt', 'action': 'invocation', 'label': 'end', 'context': [<snowplow_tracker.self_describing_json.SelfDescribingJson object at 0x000002636976EE40>, <snowplow_tracker.self_describing_json.SelfDescribingJson object at 0x0000026369793890>, <snowplow_tracker.self_describing_json.SelfDescribingJson object at 0x0000026369792630>]}
[0m11:37:41.974633 [debug] [MainThread]: Flushing usage events
[0m16:04:37.752408 [debug] [MainThread]: Sending event: {'category': 'dbt', 'action': 'invocation', 'label': 'start', 'context': [<snowplow_tracker.self_describing_json.SelfDescribingJson object at 0x000001286D798F80>, <snowplow_tracker.self_describing_json.SelfDescribingJson object at 0x000001286D503FE0>, <snowplow_tracker.self_describing_json.SelfDescribingJson object at 0x000001286D799B50>]}


============================== 16:04:37.764271 | 18448c22-8b97-4852-9e96-1670f6dcef5f ==============================
[0m16:04:37.764271 [info ] [MainThread]: Running with dbt=1.7.14
[0m16:04:37.768623 [debug] [MainThread]: running dbt with arguments {'printer_width': '80', 'indirect_selection': 'eager', 'write_json': 'True', 'log_cache_events': 'False', 'partial_parse': 'True', 'cache_selected_only': 'False', 'warn_error': 'None', 'fail_fast': 'False', 'debug': 'False', 'log_path': 'logs', 'profiles_dir': 'C:\\Users\\njhus\\.dbt', 'version_check': 'True', 'use_colors': 'True', 'use_experimental_parser': 'False', 'no_print': 'None', 'quiet': 'False', 'log_format': 'default', 'invocation_command': 'dbt run', 'warn_error_options': 'WarnErrorOptions(include=[], exclude=[])', 'introspect': 'True', 'target_path': 'None', 'static_parser': 'True', 'send_anonymous_usage_stats': 'True'}
[0m16:04:37.768623 [error] [MainThread]: Encountered an error:
Runtime Error
  No dbt_project.yml found at expected path C:\Users\njhus\Desktop\HDBC\dbt_project.yml
  Verify that each entry within packages.yml (and their transitive dependencies) contains a file named dbt_project.yml
  
[0m16:04:37.768623 [debug] [MainThread]: Command `dbt run` failed at 16:04:37.768623 after 0.19 seconds
[0m16:04:37.774154 [debug] [MainThread]: Sending event: {'category': 'dbt', 'action': 'invocation', 'label': 'end', 'context': [<snowplow_tracker.self_describing_json.SelfDescribingJson object at 0x000001286D501640>, <snowplow_tracker.self_describing_json.SelfDescribingJson object at 0x000001286D503FE0>, <snowplow_tracker.self_describing_json.SelfDescribingJson object at 0x000001286D61C770>]}
[0m16:04:37.774154 [debug] [MainThread]: Flushing usage events
[0m16:05:09.778096 [debug] [MainThread]: Sending event: {'category': 'dbt', 'action': 'invocation', 'label': 'start', 'context': [<snowplow_tracker.self_describing_json.SelfDescribingJson object at 0x000001F4FA2ED0A0>, <snowplow_tracker.self_describing_json.SelfDescribingJson object at 0x000001F4FA470E60>, <snowplow_tracker.self_describing_json.SelfDescribingJson object at 0x000001F4FA470B90>]}


============================== 16:05:09.786415 | 59f86b85-07b3-400f-a656-b33b5cf0add2 ==============================
[0m16:05:09.786415 [info ] [MainThread]: Running with dbt=1.7.14
[0m16:05:09.786415 [debug] [MainThread]: running dbt with arguments {'printer_width': '80', 'indirect_selection': 'eager', 'log_cache_events': 'False', 'write_json': 'True', 'partial_parse': 'True', 'cache_selected_only': 'False', 'warn_error': 'None', 'version_check': 'True', 'fail_fast': 'False', 'log_path': 'logs', 'profiles_dir': 'C:\\Users\\njhus\\.dbt', 'debug': 'False', 'use_colors': 'True', 'use_experimental_parser': 'False', 'no_print': 'None', 'quiet': 'False', 'log_format': 'default', 'introspect': 'True', 'warn_error_options': 'WarnErrorOptions(include=[], exclude=[])', 'static_parser': 'True', 'target_path': 'None', 'invocation_command': 'dbt run', 'send_anonymous_usage_stats': 'True'}
[0m16:05:09.786415 [error] [MainThread]: Encountered an error:
Runtime Error
  No dbt_project.yml found at expected path C:\Users\njhus\Desktop\HDBC\dbt_project.yml
  Verify that each entry within packages.yml (and their transitive dependencies) contains a file named dbt_project.yml
  
[0m16:05:09.795521 [debug] [MainThread]: Command `dbt run` failed at 16:05:09.794438 after 0.18 seconds
[0m16:05:09.795521 [debug] [MainThread]: Sending event: {'category': 'dbt', 'action': 'invocation', 'label': 'end', 'context': [<snowplow_tracker.self_describing_json.SelfDescribingJson object at 0x000001F4FA471DC0>, <snowplow_tracker.self_describing_json.SelfDescribingJson object at 0x000001F4FA473D70>, <snowplow_tracker.self_describing_json.SelfDescribingJson object at 0x000001F4FA470E60>]}
[0m16:05:09.795521 [debug] [MainThread]: Flushing usage events
